<?xml version="1.0" encoding="UTF-8"?>
<testng-results ignored="0" total="1" passed="1" failed="0" skipped="0">
  <reporter-output>
  </reporter-output>
  <suite started-at="2023-01-27T22:43:47 CET" name="Default suite" finished-at="2023-01-27T22:43:55 CET" duration-ms="7944">
    <groups>
    </groups>
    <test started-at="2023-01-27T22:43:47 CET" name="Default test" finished-at="2023-01-27T22:43:55 CET" duration-ms="7944">
      <class name="ParabankTests.LoginTest">
        <test-method is-config="true" signature="invokeBrowser()[pri:0, instance:ParabankTests.LoginTest@37d4349f]" started-at="2023-01-27T22:43:47 CET" name="invokeBrowser" finished-at="2023-01-27T22:43:52 CET" duration-ms="5309" status="PASS">
          <reporter-output>
          </reporter-output>
        </test-method> <!-- invokeBrowser -->
        <test-method signature="verifyRegistration()[pri:0, instance:ParabankTests.LoginTest@37d4349f]" started-at="2023-01-27T22:43:52 CET" name="verifyRegistration" finished-at="2023-01-27T22:43:54 CET" duration-ms="2084" status="PASS">
          <reporter-output>
          </reporter-output>
        </test-method> <!-- verifyRegistration -->
        <test-method is-config="true" signature="shutdown()[pri:0, instance:ParabankTests.LoginTest@37d4349f]" started-at="2023-01-27T22:43:54 CET" name="shutdown" finished-at="2023-01-27T22:43:55 CET" duration-ms="503" status="PASS">
          <reporter-output>
          </reporter-output>
        </test-method> <!-- shutdown -->
      </class> <!-- ParabankTests.LoginTest -->
    </test> <!-- Default test -->
  </suite> <!-- Default suite -->
</testng-results>
